Determining if the pthread_create exist failed with the following output:
Change Dir: /home/solaris/catkin_ws/src/hexacopter_class/plugin_gazebo/vacuum_gripper/build/CMakeFiles/CMakeTmp

Run Build Command:/usr/bin/make "cmTryCompileExec3928443233/fast"
/usr/bin/make -f CMakeFiles/cmTryCompileExec3928443233.dir/build.make CMakeFiles/cmTryCompileExec3928443233.dir/build
make[1]: ingresso nella directory "/home/solaris/catkin_ws/src/hexacopter_class/plugin_gazebo/vacuum_gripper/build/CMakeFiles/CMakeTmp"
/usr/bin/cmake -E cmake_progress_report /home/solaris/catkin_ws/src/hexacopter_class/plugin_gazebo/vacuum_gripper/build/CMakeFiles/CMakeTmp/CMakeFiles 1
Building C object CMakeFiles/cmTryCompileExec3928443233.dir/CheckSymbolExists.c.o
/usr/bin/cc    -o CMakeFiles/cmTryCompileExec3928443233.dir/CheckSymbolExists.c.o   -c /home/solaris/catkin_ws/src/hexacopter_class/plugin_gazebo/vacuum_gripper/build/CMakeFiles/CMakeTmp/CheckSymbolExists.c
Linking C executable cmTryCompileExec3928443233
/usr/bin/cmake -E cmake_link_script CMakeFiles/cmTryCompileExec3928443233.dir/link.txt --verbose=1
/usr/bin/cc       CMakeFiles/cmTryCompileExec3928443233.dir/CheckSymbolExists.c.o  -o cmTryCompileExec3928443233 -rdynamic 
CMakeFiles/cmTryCompileExec3928443233.dir/CheckSymbolExists.c.o: nella funzione "main":
CheckSymbolExists.c:(.text+0x16): riferimento non definito a "pthread_create"
collect2: error: ld returned 1 exit status
make[1]: uscita dalla directory "/home/solaris/catkin_ws/src/hexacopter_class/plugin_gazebo/vacuum_gripper/build/CMakeFiles/CMakeTmp"
make[1]: *** [cmTryCompileExec3928443233] Errore 1
make: *** [cmTryCompileExec3928443233/fast] Errore 2

File /home/solaris/catkin_ws/src/hexacopter_class/plugin_gazebo/vacuum_gripper/build/CMakeFiles/CMakeTmp/CheckSymbolExists.c:
/* */
#include <pthread.h>

int main(int argc, char** argv)
{
  (void)argv;
#ifndef pthread_create
  return ((int*)(&pthread_create))[argc];
#else
  (void)argc;
  return 0;
#endif
}

Determining if the function pthread_create exists in the pthreads failed with the following output:
Change Dir: /home/solaris/catkin_ws/src/hexacopter_class/plugin_gazebo/vacuum_gripper/build/CMakeFiles/CMakeTmp

Run Build Command:/usr/bin/make "cmTryCompileExec2067697796/fast"
/usr/bin/make -f CMakeFiles/cmTryCompileExec2067697796.dir/build.make CMakeFiles/cmTryCompileExec2067697796.dir/build
make[1]: ingresso nella directory "/home/solaris/catkin_ws/src/hexacopter_class/plugin_gazebo/vacuum_gripper/build/CMakeFiles/CMakeTmp"
/usr/bin/cmake -E cmake_progress_report /home/solaris/catkin_ws/src/hexacopter_class/plugin_gazebo/vacuum_gripper/build/CMakeFiles/CMakeTmp/CMakeFiles 1
Building C object CMakeFiles/cmTryCompileExec2067697796.dir/CheckFunctionExists.c.o
/usr/bin/cc   -DCHECK_FUNCTION_EXISTS=pthread_create   -o CMakeFiles/cmTryCompileExec2067697796.dir/CheckFunctionExists.c.o   -c /usr/share/cmake-2.8/Modules/CheckFunctionExists.c
Linking C executable cmTryCompileExec2067697796
/usr/bin/cmake -E cmake_link_script CMakeFiles/cmTryCompileExec2067697796.dir/link.txt --verbose=1
/usr/bin/cc   -DCHECK_FUNCTION_EXISTS=pthread_create    CMakeFiles/cmTryCompileExec2067697796.dir/CheckFunctionExists.c.o  -o cmTryCompileExec2067697796 -rdynamic -lpthreads 
/usr/bin/ld: impossibile trovare -lpthreads
collect2: error: ld returned 1 exit status
make[1]: uscita dalla directory "/home/solaris/catkin_ws/src/hexacopter_class/plugin_gazebo/vacuum_gripper/build/CMakeFiles/CMakeTmp"
make[1]: *** [cmTryCompileExec2067697796] Errore 1
make: *** [cmTryCompileExec2067697796/fast] Errore 2


